[2016-08-29 16:27:44] START
[2016-08-29 17:41:13] EDIT app2/models/menu.py: -106
[2016-08-29 17:42:12] EDIT app2/models/menu.py: 0
[2016-08-29 17:43:35] EDIT app2/models/menu.py: 1
[2016-08-29 17:43:54] EDIT app2/models/menu.py: 0
[2016-08-29 17:43:59] EDIT app2/models/menu.py: 0
[2016-08-29 17:46:49] CREATE db1.py: 0
[2016-08-29 17:47:31] EDIT app2/models/db1.py: 1
[2016-08-29 17:47:37] EDIT app2/models/db1.py: 0
[2016-08-29 17:48:07] EDIT app2/models/db1.py: 0
[2016-08-29 17:53:53] EDIT app2/models/db1.py: 0
[2016-08-29 17:58:23] EDIT app2/models/db1.py: 0
[2016-08-29 17:58:28] EDIT app2/models/db1.py: 0
[2016-08-29 17:58:43] EDIT app2/models/db1.py: 0
[2016-08-29 17:58:45] EDIT app2/models/db1.py: 0
[2016-08-29 17:59:51] EDIT app2/models/db1.py: 0
[2016-08-29 18:01:18] EDIT app2/models/db1.py: 0
[2016-08-29 18:02:00] EDIT app2/models/db1.py: 0
[2016-09-05 18:35:06] EDIT app2/controllers/default.py: -5
[2016-09-05 18:35:52] EDIT app2/controllers/default.py: 0
[2016-09-05 18:36:02] EDIT app2/controllers/default.py: 0
[2016-09-05 18:36:10] EDIT app2/controllers/default.py: 0
[2016-09-05 18:36:59] EDIT app2/controllers/default.py: 0
[2016-09-05 18:37:11] EDIT app2/views/default/index.html: 0
[2016-09-05 18:37:48] EDIT app2/views/default/index.html: -46
[2016-09-05 18:38:10] EDIT app2/controllers/default.py: 0
[2016-09-05 18:38:35] EDIT app2/views/default/index.html: 0
[2016-09-05 18:41:03] EDIT app2/controllers/default.py: 1
[2016-09-05 18:41:12] EDIT app2/views/default/index.html: 1
[2016-09-05 18:41:16] EDIT app2/models/db1.py: 0
[2016-09-05 18:41:18] EDIT app2/controllers/default.py: 0
[2016-09-05 19:23:07] EDIT app2/views/default/index.html: 1
[2016-09-05 19:23:19] EDIT app2/views/default/index.html: 0
[2016-09-05 19:26:33] EDIT app2/views/default/index.html: 9
[2016-09-05 19:27:01] EDIT app2/views/default/index.html: 1
[2016-09-05 19:27:42] EDIT app2/views/default/index.html: 0
[2016-09-05 19:27:59] EDIT app2/views/default/index.html: 1
[2016-09-05 19:28:35] EDIT app2/views/default/index.html: 0
[2016-09-05 19:29:31] EDIT app2/controllers/default.py: 3
[2016-09-05 19:30:47] EDIT app2/controllers/default.py: 0
[2016-09-05 19:31:52] EDIT app2/controllers/default.py: 0
[2016-09-05 19:33:26] EDIT app2/views/default/index.html: 0
[2016-09-05 19:34:08] EDIT app2/views/default/index.html: 0
[2016-09-05 19:35:02] EDIT app2/views/default/index.html: -2
[2016-09-05 19:35:28] EDIT app2/views/default/index.html: 0
[2016-09-05 19:36:38] CREATE default/show.html: 0
[2016-09-05 19:37:58] EDIT app2/views/default/show.html: 5
[2016-09-05 19:38:00] EDIT app2/views/default/show.html: 0
